{"numFailedTestSuites":0,"numFailedTests":0,"numPassedTestSuites":13,"numPassedTests":136,"numPendingTestSuites":0,"numPendingTests":0,"numRuntimeErrorTestSuites":0,"numTodoTests":0,"numTotalTestSuites":13,"numTotalTests":136,"openHandles":[],"snapshot":{"added":0,"didUpdate":false,"failure":false,"filesAdded":0,"filesRemoved":0,"filesRemovedList":[],"filesUnmatched":0,"filesUpdated":0,"matched":0,"total":0,"unchecked":0,"uncheckedKeysByFile":[],"unmatched":0,"updated":0},"startTime":1771696655684,"success":true,"testResults":[{"assertionResults":[{"ancestorTitles":["MTS — Message Rendering"],"duration":2,"failureDetails":[],"failureMessages":[],"fullName":"MTS — Message Rendering welcome message renders correct subject and body","invocations":1,"location":null,"numPassingAsserts":5,"retryReasons":[],"status":"passed","title":"welcome message renders correct subject and body"},{"ancestorTitles":["MTS — Message Rendering"],"duration":0,"failureDetails":[],"failureMessages":[],"fullName":"MTS — Message Rendering admin-join message includes member name","invocations":1,"location":null,"numPassingAsserts":3,"retryReasons":[],"status":"passed","title":"admin-join message includes member name"},{"ancestorTitles":["MTS — Message Rendering"],"duration":0,"failureDetails":[],"failureMessages":[],"fullName":"MTS — Message Rendering pickup-claimed message includes task details and claimer","invocations":1,"location":null,"numPassingAsserts":5,"retryReasons":[],"status":"passed","title":"pickup-claimed message includes task details and claimer"},{"ancestorTitles":["MTS — Message Rendering"],"duration":1,"failureDetails":[],"failureMessages":[],"fullName":"MTS — Message Rendering pickup-delivered message includes task description and location","invocations":1,"location":null,"numPassingAsserts":3,"retryReasons":[],"status":"passed","title":"pickup-delivered message includes task description and location"},{"ancestorTitles":["MTS — Message Rendering"],"duration":0,"failureDetails":[],"failureMessages":[],"fullName":"MTS — Message Rendering pickup-stocked message renders correctly","invocations":1,"location":null,"numPassingAsserts":3,"retryReasons":[],"status":"passed","title":"pickup-stocked message renders correctly"},{"ancestorTitles":["MTS — Message Rendering"],"duration":1,"failureDetails":[],"failureMessages":[],"fullName":"MTS — Message Rendering daily-digest message uses org name","invocations":1,"location":null,"numPassingAsserts":2,"retryReasons":[],"status":"passed","title":"daily-digest message uses org name"},{"ancestorTitles":["MTS — Message Rendering"],"duration":0,"failureDetails":[],"failureMessages":[],"fullName":"MTS — Message Rendering custom/unknown type falls back to data fields","invocations":1,"location":null,"numPassingAsserts":3,"retryReasons":[],"status":"passed","title":"custom/unknown type falls back to data fields"},{"ancestorTitles":["MTS — Message Rendering"],"duration":0,"failureDetails":[],"failureMessages":[],"fullName":"MTS — Message Rendering missing task data uses sensible defaults","invocations":1,"location":null,"numPassingAsserts":3,"retryReasons":[],"status":"passed","title":"missing task data uses sensible defaults"},{"ancestorTitles":["MTS — Transport Selection"],"duration":1,"failureDetails":[],"failureMessages":[],"fullName":"MTS — Transport Selection default: all transports when all configured","invocations":1,"location":null,"numPassingAsserts":1,"retryReasons":[],"status":"passed","title":"default: all transports when all configured"},{"ancestorTitles":["MTS — Transport Selection"],"duration":0,"failureDetails":[],"failureMessages":[],"fullName":"MTS — Transport Selection no webhook when org has no webhook URL","invocations":1,"location":null,"numPassingAsserts":1,"retryReasons":[],"status":"passed","title":"no webhook when org has no webhook URL"},{"ancestorTitles":["MTS — Transport Selection"],"duration":0,"failureDetails":[],"failureMessages":[],"fullName":"MTS — Transport Selection no email when Mailgun not configured","invocations":1,"location":null,"numPassingAsserts":1,"retryReasons":[],"status":"passed","title":"no email when Mailgun not configured"},{"ancestorTitles":["MTS — Transport Selection"],"duration":0,"failureDetails":[],"failureMessages":[],"fullName":"MTS — Transport Selection explicit override: site only","invocations":1,"location":null,"numPassingAsserts":1,"retryReasons":[],"status":"passed","title":"explicit override: site only"},{"ancestorTitles":["MTS — Transport Selection"],"duration":1,"failureDetails":[],"failureMessages":[],"fullName":"MTS — Transport Selection explicit override: email + webhook, no site","invocations":1,"location":null,"numPassingAsserts":1,"retryReasons":[],"status":"passed","title":"explicit override: email + webhook, no site"},{"ancestorTitles":["MTS — Transport Selection"],"duration":1,"failureDetails":[],"failureMessages":[],"fullName":"MTS — Transport Selection requesting webhook but org has none yields empty webhook","invocations":1,"location":null,"numPassingAsserts":1,"retryReasons":[],"status":"passed","title":"requesting webhook but org has none yields empty webhook"},{"ancestorTitles":["MTS — Webhook Payload"],"duration":1,"failureDetails":[],"failureMessages":[],"fullName":"MTS — Webhook Payload webhook payload has required fields","invocations":1,"location":null,"numPassingAsserts":6,"retryReasons":[],"status":"passed","title":"webhook payload has required fields"},{"ancestorTitles":["MTS — Webhook Payload"],"duration":1,"failureDetails":[],"failureMessages":[],"fullName":"MTS — Webhook Payload webhook timestamp is valid ISO string","invocations":1,"location":null,"numPassingAsserts":1,"retryReasons":[],"status":"passed","title":"webhook timestamp is valid ISO string"},{"ancestorTitles":["MTS — Webhook Payload"],"duration":0,"failureDetails":[],"failureMessages":[],"fullName":"MTS — Webhook Payload webhook data carries through body json","invocations":1,"location":null,"numPassingAsserts":2,"retryReasons":[],"status":"passed","title":"webhook data carries through body json"},{"ancestorTitles":["MTS — Request Validation"],"duration":0,"failureDetails":[],"failureMessages":[],"fullName":"MTS — Request Validation valid request passes","invocations":1,"location":null,"numPassingAsserts":1,"retryReasons":[],"status":"passed","title":"valid request passes"},{"ancestorTitles":["MTS — Request Validation"],"duration":1,"failureDetails":[],"failureMessages":[],"fullName":"MTS — Request Validation missing type is rejected","invocations":1,"location":null,"numPassingAsserts":2,"retryReasons":[],"status":"passed","title":"missing type is rejected"},{"ancestorTitles":["MTS — Request Validation"],"duration":0,"failureDetails":[],"failureMessages":[],"fullName":"MTS — Request Validation missing orgId is rejected","invocations":1,"location":null,"numPassingAsserts":2,"retryReasons":[],"status":"passed","title":"missing orgId is rejected"},{"ancestorTitles":["MTS — Request Validation"],"duration":0,"failureDetails":[],"failureMessages":[],"fullName":"MTS — Request Validation invalid transports type is rejected","invocations":1,"location":null,"numPassingAsserts":2,"retryReasons":[],"status":"passed","title":"invalid transports type is rejected"},{"ancestorTitles":["MTS — Request Validation"],"duration":0,"failureDetails":[],"failureMessages":[],"fullName":"MTS — Request Validation invalid recipientRole type is rejected","invocations":1,"location":null,"numPassingAsserts":2,"retryReasons":[],"status":"passed","title":"invalid recipientRole type is rejected"},{"ancestorTitles":["MTS — Request Validation"],"duration":0,"failureDetails":[],"failureMessages":[],"fullName":"MTS — Request Validation full valid request with all optional fields","invocations":1,"location":null,"numPassingAsserts":1,"retryReasons":[],"status":"passed","title":"full valid request with all optional fields"},{"ancestorTitles":["MTS — Default Role Mapping"],"duration":0,"failureDetails":[],"failureMessages":[],"fullName":"MTS — Default Role Mapping welcome sends to no roles (uses recipientEmail)","invocations":1,"location":null,"numPassingAsserts":1,"retryReasons":[],"status":"passed","title":"welcome sends to no roles (uses recipientEmail)"},{"ancestorTitles":["MTS — Default Role Mapping"],"duration":0,"failureDetails":[],"failureMessages":[],"fullName":"MTS — Default Role Mapping pickup events fan out to admin and owner","invocations":1,"location":null,"numPassingAsserts":3,"retryReasons":[],"status":"passed","title":"pickup events fan out to admin and owner"},{"ancestorTitles":["MTS — Default Role Mapping"],"duration":0,"failureDetails":[],"failureMessages":[],"fullName":"MTS — Default Role Mapping admin-join notifies admin and owner","invocations":1,"location":null,"numPassingAsserts":1,"retryReasons":[],"status":"passed","title":"admin-join notifies admin and owner"},{"ancestorTitles":["MTS — Default Role Mapping"],"duration":0,"failureDetails":[],"failureMessages":[],"fullName":"MTS — Default Role Mapping daily-digest goes to admin and owner","invocations":1,"location":null,"numPassingAsserts":1,"retryReasons":[],"status":"passed","title":"daily-digest goes to admin and owner"},{"ancestorTitles":["MTS — Default Role Mapping"],"duration":0,"failureDetails":[],"failureMessages":[],"fullName":"MTS — Default Role Mapping unknown type defaults to admin only","invocations":1,"location":null,"numPassingAsserts":1,"retryReasons":[],"status":"passed","title":"unknown type defaults to admin only"}],"endTime":1771696656093,"message":"","name":"/home/solstice/FoodBank/tests/sprint2/mts-routing.test.ts","startTime":1771696655992,"status":"passed","summary":""},{"assertionResults":[{"ancestorTitles":["Sprint 1 · Pickup Notification Payloads"],"duration":1,"failureDetails":[],"failureMessages":[],"fullName":"Sprint 1 · Pickup Notification Payloads builds INSERT notification with description and location","invocations":1,"location":null,"numPassingAsserts":1,"retryReasons":[],"status":"passed","title":"builds INSERT notification with description and location"},{"ancestorTitles":["Sprint 1 · Pickup Notification Payloads"],"duration":0,"failureDetails":[],"failureMessages":[],"fullName":"Sprint 1 · Pickup Notification Payloads builds CLAIMED notification","invocations":1,"location":null,"numPassingAsserts":1,"retryReasons":[],"status":"passed","title":"builds CLAIMED notification"},{"ancestorTitles":["Sprint 1 · Pickup Notification Payloads"],"duration":1,"failureDetails":[],"failureMessages":[],"fullName":"Sprint 1 · Pickup Notification Payloads builds COMPLETED notification","invocations":1,"location":null,"numPassingAsserts":1,"retryReasons":[],"status":"passed","title":"builds COMPLETED notification"},{"ancestorTitles":["Sprint 1 · Region Filtering"],"duration":0,"failureDetails":[],"failureMessages":[],"fullName":"Sprint 1 · Region Filtering matches task location to user regions (case insensitive)","invocations":1,"location":null,"numPassingAsserts":2,"retryReasons":[],"status":"passed","title":"matches task location to user regions (case insensitive)"},{"ancestorTitles":["Sprint 1 · Region Filtering"],"duration":0,"failureDetails":[],"failureMessages":[],"fullName":"Sprint 1 · Region Filtering returns false when no region matches","invocations":1,"location":null,"numPassingAsserts":1,"retryReasons":[],"status":"passed","title":"returns false when no region matches"},{"ancestorTitles":["Sprint 1 · Region Filtering"],"duration":0,"failureDetails":[],"failureMessages":[],"fullName":"Sprint 1 · Region Filtering handles multiple user regions","invocations":1,"location":null,"numPassingAsserts":1,"retryReasons":[],"status":"passed","title":"handles multiple user regions"},{"ancestorTitles":["Sprint 1 · Notify Decision Logic"],"duration":0,"failureDetails":[],"failureMessages":[],"fullName":"Sprint 1 · Notify Decision Logic notifies volunteer in matching region for pending task","invocations":1,"location":null,"numPassingAsserts":1,"retryReasons":[],"status":"passed","title":"notifies volunteer in matching region for pending task"},{"ancestorTitles":["Sprint 1 · Notify Decision Logic"],"duration":0,"failureDetails":[],"failureMessages":[],"fullName":"Sprint 1 · Notify Decision Logic does NOT notify the task creator","invocations":1,"location":null,"numPassingAsserts":1,"retryReasons":[],"status":"passed","title":"does NOT notify the task creator"},{"ancestorTitles":["Sprint 1 · Notify Decision Logic"],"duration":0,"failureDetails":[],"failureMessages":[],"fullName":"Sprint 1 · Notify Decision Logic does NOT notify for tasks outside user region","invocations":1,"location":null,"numPassingAsserts":1,"retryReasons":[],"status":"passed","title":"does NOT notify for tasks outside user region"},{"ancestorTitles":["Sprint 1 · Notify Decision Logic"],"duration":0,"failureDetails":[],"failureMessages":[],"fullName":"Sprint 1 · Notify Decision Logic notifies for claimed status (so others know it was taken)","invocations":1,"location":null,"numPassingAsserts":1,"retryReasons":[],"status":"passed","title":"notifies for claimed status (so others know it was taken)"},{"ancestorTitles":["Sprint 1 · Notify Decision Logic"],"duration":0,"failureDetails":[],"failureMessages":[],"fullName":"Sprint 1 · Notify Decision Logic does NOT notify for completed tasks","invocations":1,"location":null,"numPassingAsserts":1,"retryReasons":[],"status":"passed","title":"does NOT notify for completed tasks"},{"ancestorTitles":["Sprint 1 · Edge Function Notification Request"],"duration":1,"failureDetails":[],"failureMessages":[],"fullName":"Sprint 1 · Edge Function Notification Request builds a valid pickup-claimed request with task details","invocations":1,"location":null,"numPassingAsserts":2,"retryReasons":[],"status":"passed","title":"builds a valid pickup-claimed request with task details"},{"ancestorTitles":["Sprint 1 · Realtime Pickup → Notification Flow"],"duration":0,"failureDetails":[],"failureMessages":[],"fullName":"Sprint 1 · Realtime Pickup → Notification Flow subscribes and fires notification builder on INSERT","invocations":1,"location":null,"numPassingAsserts":2,"retryReasons":[],"status":"passed","title":"subscribes and fires notification builder on INSERT"},{"ancestorTitles":["Sprint 1 · Realtime Pickup → Notification Flow"],"duration":0,"failureDetails":[],"failureMessages":[],"fullName":"Sprint 1 · Realtime Pickup → Notification Flow fires notification on UPDATE (claim)","invocations":1,"location":null,"numPassingAsserts":1,"retryReasons":[],"status":"passed","title":"fires notification on UPDATE (claim)"}],"endTime":1771696656126,"message":"","name":"/home/solstice/FoodBank/tests/sprint1/pickup-notifications.test.ts","startTime":1771696656102,"status":"passed","summary":""},{"assertionResults":[{"ancestorTitles":["Shared Pantry Provisioning"],"duration":2,"failureDetails":[],"failureMessages":[],"fullName":"Shared Pantry Provisioning creates org on default supabase and sets admin profile","invocations":1,"location":null,"numPassingAsserts":3,"retryReasons":[],"status":"passed","title":"creates org on default supabase and sets admin profile"},{"ancestorTitles":["Shared Pantry Provisioning"],"duration":4,"failureDetails":[],"failureMessages":[],"fullName":"Shared Pantry Provisioning rejects unauthenticated users","invocations":1,"location":null,"numPassingAsserts":1,"retryReasons":[],"status":"passed","title":"rejects unauthenticated users"},{"ancestorTitles":["Shared Pantry Provisioning"],"duration":1,"failureDetails":[],"failureMessages":[],"fullName":"Shared Pantry Provisioning rejects empty pantry name","invocations":1,"location":null,"numPassingAsserts":1,"retryReasons":[],"status":"passed","title":"rejects empty pantry name"},{"ancestorTitles":["Shared Pantry Provisioning"],"duration":0,"failureDetails":[],"failureMessages":[],"fullName":"Shared Pantry Provisioning rejects whitespace-only pantry name","invocations":1,"location":null,"numPassingAsserts":1,"retryReasons":[],"status":"passed","title":"rejects whitespace-only pantry name"},{"ancestorTitles":["Daily Digest — Logic"],"duration":1,"failureDetails":[],"failureMessages":[],"fullName":"Daily Digest — Logic identifies quiet days with zero activity","invocations":1,"location":null,"numPassingAsserts":1,"retryReasons":[],"status":"passed","title":"identifies quiet days with zero activity"},{"ancestorTitles":["Daily Digest — Logic"],"duration":0,"failureDetails":[],"failureMessages":[],"fullName":"Daily Digest — Logic identifies active days with pickups","invocations":1,"location":null,"numPassingAsserts":1,"retryReasons":[],"status":"passed","title":"identifies active days with pickups"},{"ancestorTitles":["Daily Digest — Logic"],"duration":0,"failureDetails":[],"failureMessages":[],"fullName":"Daily Digest — Logic identifies active days with only new members","invocations":1,"location":null,"numPassingAsserts":1,"retryReasons":[],"status":"passed","title":"identifies active days with only new members"},{"ancestorTitles":["Daily Digest — Logic"],"duration":1,"failureDetails":[],"failureMessages":[],"fullName":"Daily Digest — Logic identifies active days with only new entries","invocations":1,"location":null,"numPassingAsserts":1,"retryReasons":[],"status":"passed","title":"identifies active days with only new entries"},{"ancestorTitles":["Daily Digest — Logic"],"duration":16,"failureDetails":[],"failureMessages":[],"fullName":"Daily Digest — Logic builds a subject line with org name and date","invocations":1,"location":null,"numPassingAsserts":2,"retryReasons":[],"status":"passed","title":"builds a subject line with org name and date"},{"ancestorTitles":["Daily Digest — Logic"],"duration":1,"failureDetails":[],"failureMessages":[],"fullName":"Daily Digest — Logic builds subject with current day name","invocations":1,"location":null,"numPassingAsserts":1,"retryReasons":[],"status":"passed","title":"builds subject with current day name"}],"endTime":1771696656209,"message":"","name":"/home/solstice/FoodBank/tests/sprint1/shared-pantry.test.ts","startTime":1771696656143,"status":"passed","summary":""},{"assertionResults":[{"ancestorTitles":["Testing isObject function"],"duration":0,"failureDetails":[],"failureMessages":[],"fullName":"Testing isObject function Identify correctly that a string argument is not an Object","invocations":1,"location":null,"numPassingAsserts":1,"retryReasons":[],"status":"passed","title":"Identify correctly that a string argument is not an Object"},{"ancestorTitles":["Testing isObject function"],"duration":1,"failureDetails":[],"failureMessages":[],"fullName":"Testing isObject function Identify correctly if the argument is object","invocations":1,"location":null,"numPassingAsserts":1,"retryReasons":[],"status":"passed","title":"Identify correctly if the argument is object"},{"ancestorTitles":["Testing isObject function"],"duration":12,"failureDetails":[],"failureMessages":[],"fullName":"Testing isObject function Identify correctly if the argument is object","invocations":1,"location":null,"numPassingAsserts":1,"retryReasons":[],"status":"passed","title":"Identify correctly if the argument is object"}],"endTime":1771696656248,"message":"","name":"/home/solstice/FoodBank/tests/unit/isObject.test.ts","startTime":1771696656217,"status":"passed","summary":""},{"assertionResults":[{"ancestorTitles":["Sprint 1 · Create New Pantry"],"duration":1,"failureDetails":[],"failureMessages":[],"fullName":"Sprint 1 · Create New Pantry creates an organization and sets user as admin","invocations":1,"location":null,"numPassingAsserts":3,"retryReasons":[],"status":"passed","title":"creates an organization and sets user as admin"},{"ancestorTitles":["Sprint 1 · Create New Pantry"],"duration":0,"failureDetails":[],"failureMessages":[],"fullName":"Sprint 1 · Create New Pantry updates profile with admin role","invocations":1,"location":null,"numPassingAsserts":1,"retryReasons":[],"status":"passed","title":"updates profile with admin role"},{"ancestorTitles":["Sprint 1 · Create New Pantry"],"duration":0,"failureDetails":[],"failureMessages":[],"fullName":"Sprint 1 · Create New Pantry rejects unauthenticated users","invocations":1,"location":null,"numPassingAsserts":2,"retryReasons":[],"status":"passed","title":"rejects unauthenticated users"},{"ancestorTitles":["Sprint 1 · Create New Pantry"],"duration":0,"failureDetails":[],"failureMessages":[],"fullName":"Sprint 1 · Create New Pantry rejects empty pantry name","invocations":1,"location":null,"numPassingAsserts":2,"retryReasons":[],"status":"passed","title":"rejects empty pantry name"},{"ancestorTitles":["Sprint 1 · Create New Pantry"],"duration":0,"failureDetails":[],"failureMessages":[],"fullName":"Sprint 1 · Create New Pantry trims pantry name before insert","invocations":1,"location":null,"numPassingAsserts":1,"retryReasons":[],"status":"passed","title":"trims pantry name before insert"},{"ancestorTitles":["Sprint 1 · Redeem Invite Code"],"duration":0,"failureDetails":[],"failureMessages":[],"fullName":"Sprint 1 · Redeem Invite Code rejects unauthenticated users","invocations":1,"location":null,"numPassingAsserts":1,"retryReasons":[],"status":"passed","title":"rejects unauthenticated users"},{"ancestorTitles":["Sprint 1 · Redeem Invite Code"],"duration":0,"failureDetails":[],"failureMessages":[],"fullName":"Sprint 1 · Redeem Invite Code rejects empty invite code","invocations":1,"location":null,"numPassingAsserts":1,"retryReasons":[],"status":"passed","title":"rejects empty invite code"},{"ancestorTitles":["Sprint 1 · Redeem Invite Code"],"duration":1,"failureDetails":[],"failureMessages":[],"fullName":"Sprint 1 · Redeem Invite Code uppercases invite code before lookup","invocations":1,"location":null,"numPassingAsserts":1,"retryReasons":[],"status":"passed","title":"uppercases invite code before lookup"},{"ancestorTitles":["Sprint 1 · Redeem Invite Code"],"duration":0,"failureDetails":[],"failureMessages":[],"fullName":"Sprint 1 · Redeem Invite Code sets user role to editor after invite redemption","invocations":1,"location":null,"numPassingAsserts":1,"retryReasons":[],"status":"passed","title":"sets user role to editor after invite redemption"}],"endTime":1771696656276,"message":"","name":"/home/solstice/FoodBank/tests/sprint1/pantry-creation.test.ts","startTime":1771696656255,"status":"passed","summary":""},{"assertionResults":[{"ancestorTitles":["Sprint 1 · Claim Pickup"],"duration":1,"failureDetails":[],"failureMessages":[],"fullName":"Sprint 1 · Claim Pickup updates status to \"claimed\" and sets claimed_by","invocations":1,"location":null,"numPassingAsserts":4,"retryReasons":[],"status":"passed","title":"updates status to \"claimed\" and sets claimed_by"},{"ancestorTitles":["Sprint 1 · Claim Pickup"],"duration":0,"failureDetails":[],"failureMessages":[],"fullName":"Sprint 1 · Claim Pickup rejects unauthenticated users","invocations":1,"location":null,"numPassingAsserts":3,"retryReasons":[],"status":"passed","title":"rejects unauthenticated users"},{"ancestorTitles":["Sprint 1 · Claim Pickup"],"duration":0,"failureDetails":[],"failureMessages":[],"fullName":"Sprint 1 · Claim Pickup surfaces Supabase errors","invocations":1,"location":null,"numPassingAsserts":2,"retryReasons":[],"status":"passed","title":"surfaces Supabase errors"},{"ancestorTitles":["Sprint 1 · Claim Pickup"],"duration":0,"failureDetails":[],"failureMessages":[],"fullName":"Sprint 1 · Claim Pickup uses the current user id from auth","invocations":1,"location":null,"numPassingAsserts":1,"retryReasons":[],"status":"passed","title":"uses the current user id from auth"}],"endTime":1771696656297,"message":"","name":"/home/solstice/FoodBank/tests/sprint1/claim.test.ts","startTime":1771696656282,"status":"passed","summary":""},{"assertionResults":[{"ancestorTitles":["Sprint 1 · Supabase URL Validation"],"duration":1,"failureDetails":[],"failureMessages":[],"fullName":"Sprint 1 · Supabase URL Validation accepts valid Supabase URL","invocations":1,"location":null,"numPassingAsserts":1,"retryReasons":[],"status":"passed","title":"accepts valid Supabase URL"},{"ancestorTitles":["Sprint 1 · Supabase URL Validation"],"duration":0,"failureDetails":[],"failureMessages":[],"fullName":"Sprint 1 · Supabase URL Validation rejects empty URL","invocations":1,"location":null,"numPassingAsserts":1,"retryReasons":[],"status":"passed","title":"rejects empty URL"},{"ancestorTitles":["Sprint 1 · Supabase URL Validation"],"duration":0,"failureDetails":[],"failureMessages":[],"fullName":"Sprint 1 · Supabase URL Validation rejects non-https URL","invocations":1,"location":null,"numPassingAsserts":1,"retryReasons":[],"status":"passed","title":"rejects non-https URL"},{"ancestorTitles":["Sprint 1 · Supabase URL Validation"],"duration":0,"failureDetails":[],"failureMessages":[],"fullName":"Sprint 1 · Supabase URL Validation rejects non-Supabase URL","invocations":1,"location":null,"numPassingAsserts":1,"retryReasons":[],"status":"passed","title":"rejects non-Supabase URL"},{"ancestorTitles":["Sprint 1 · Anon Key Validation"],"duration":1,"failureDetails":[],"failureMessages":[],"fullName":"Sprint 1 · Anon Key Validation accepts valid anon key","invocations":1,"location":null,"numPassingAsserts":1,"retryReasons":[],"status":"passed","title":"accepts valid anon key"},{"ancestorTitles":["Sprint 1 · Anon Key Validation"],"duration":0,"failureDetails":[],"failureMessages":[],"fullName":"Sprint 1 · Anon Key Validation rejects empty key","invocations":1,"location":null,"numPassingAsserts":1,"retryReasons":[],"status":"passed","title":"rejects empty key"},{"ancestorTitles":["Sprint 1 · Anon Key Validation"],"duration":0,"failureDetails":[],"failureMessages":[],"fullName":"Sprint 1 · Anon Key Validation rejects short key","invocations":1,"location":null,"numPassingAsserts":1,"retryReasons":[],"status":"passed","title":"rejects short key"},{"ancestorTitles":["Sprint 1 · Full Config Validation"],"duration":0,"failureDetails":[],"failureMessages":[],"fullName":"Sprint 1 · Full Config Validation returns empty array for valid config","invocations":1,"location":null,"numPassingAsserts":1,"retryReasons":[],"status":"passed","title":"returns empty array for valid config"},{"ancestorTitles":["Sprint 1 · Full Config Validation"],"duration":0,"failureDetails":[],"failureMessages":[],"fullName":"Sprint 1 · Full Config Validation returns multiple errors for invalid config","invocations":1,"location":null,"numPassingAsserts":1,"retryReasons":[],"status":"passed","title":"returns multiple errors for invalid config"},{"ancestorTitles":["Sprint 1 · Cloud Sync Guard"],"duration":1,"failureDetails":[],"failureMessages":[],"fullName":"Sprint 1 · Cloud Sync Guard allows sync when logged in with org","invocations":1,"location":null,"numPassingAsserts":1,"retryReasons":[],"status":"passed","title":"allows sync when logged in with org"},{"ancestorTitles":["Sprint 1 · Cloud Sync Guard"],"duration":0,"failureDetails":[],"failureMessages":[],"fullName":"Sprint 1 · Cloud Sync Guard blocks sync when not logged in","invocations":1,"location":null,"numPassingAsserts":1,"retryReasons":[],"status":"passed","title":"blocks sync when not logged in"},{"ancestorTitles":["Sprint 1 · Cloud Sync Guard"],"duration":0,"failureDetails":[],"failureMessages":[],"fullName":"Sprint 1 · Cloud Sync Guard blocks sync when no org is set","invocations":1,"location":null,"numPassingAsserts":1,"retryReasons":[],"status":"passed","title":"blocks sync when no org is set"},{"ancestorTitles":["Sprint 1 · Cloud Sync Guard"],"duration":0,"failureDetails":[],"failureMessages":[],"fullName":"Sprint 1 · Cloud Sync Guard blocks sync when neither logged in nor has org","invocations":1,"location":null,"numPassingAsserts":1,"retryReasons":[],"status":"passed","title":"blocks sync when neither logged in nor has org"},{"ancestorTitles":["Sprint 1 · Sync Table Routing"],"duration":0,"failureDetails":[],"failureMessages":[],"fullName":"Sprint 1 · Sync Table Routing routes pickup_queue entries to boulder_pickups table","invocations":1,"location":null,"numPassingAsserts":1,"retryReasons":[],"status":"passed","title":"routes pickup_queue entries to boulder_pickups table"},{"ancestorTitles":["Sprint 1 · Sync Table Routing"],"duration":1,"failureDetails":[],"failureMessages":[],"fullName":"Sprint 1 · Sync Table Routing routes need entries to community_entries table","invocations":1,"location":null,"numPassingAsserts":1,"retryReasons":[],"status":"passed","title":"routes need entries to community_entries table"},{"ancestorTitles":["Sprint 1 · Sync Table Routing"],"duration":0,"failureDetails":[],"failureMessages":[],"fullName":"Sprint 1 · Sync Table Routing routes offering entries to community_entries table","invocations":1,"location":null,"numPassingAsserts":1,"retryReasons":[],"status":"passed","title":"routes offering entries to community_entries table"},{"ancestorTitles":["Sprint 1 · Sync Table Routing"],"duration":0,"failureDetails":[],"failureMessages":[],"fullName":"Sprint 1 · Sync Table Routing routes looking_for entries to community_entries table","invocations":1,"location":null,"numPassingAsserts":1,"retryReasons":[],"status":"passed","title":"routes looking_for entries to community_entries table"},{"ancestorTitles":["Sprint 1 · Sync Table Routing"],"duration":1,"failureDetails":[],"failureMessages":[],"fullName":"Sprint 1 · Sync Table Routing routes upcoming_need entries to community_entries table","invocations":1,"location":null,"numPassingAsserts":1,"retryReasons":[],"status":"passed","title":"routes upcoming_need entries to community_entries table"},{"ancestorTitles":["Sprint 1 · Connection Test"],"duration":0,"failureDetails":[],"failureMessages":[],"fullName":"Sprint 1 · Connection Test verifies Supabase connection by querying profiles","invocations":1,"location":null,"numPassingAsserts":2,"retryReasons":[],"status":"passed","title":"verifies Supabase connection by querying profiles"},{"ancestorTitles":["Sprint 1 · Connection Test"],"duration":1,"failureDetails":[],"failureMessages":[],"fullName":"Sprint 1 · Connection Test surfaces connection errors","invocations":1,"location":null,"numPassingAsserts":1,"retryReasons":[],"status":"passed","title":"surfaces connection errors"}],"endTime":1771696656325,"message":"","name":"/home/solstice/FoodBank/tests/sprint1/supabase-config.test.ts","startTime":1771696656306,"status":"passed","summary":""},{"assertionResults":[{"ancestorTitles":["isValidated"],"duration":1,"failureDetails":[],"failureMessages":[],"fullName":"isValidated should return true for valid input","invocations":1,"location":null,"numPassingAsserts":1,"retryReasons":[],"status":"passed","title":"should return true for valid input"},{"ancestorTitles":["isValidated"],"duration":1,"failureDetails":[],"failureMessages":[],"fullName":"isValidated should return false if any field is missing","invocations":1,"location":null,"numPassingAsserts":4,"retryReasons":[],"status":"passed","title":"should return false if any field is missing"},{"ancestorTitles":["isValidated"],"duration":1,"failureDetails":[],"failureMessages":[],"fullName":"isValidated should return false if the first or last name is too short","invocations":1,"location":null,"numPassingAsserts":2,"retryReasons":[],"status":"passed","title":"should return false if the first or last name is too short"},{"ancestorTitles":["isValidated"],"duration":0,"failureDetails":[],"failureMessages":[],"fullName":"isValidated should return false if names contain invalid characters","invocations":1,"location":null,"numPassingAsserts":2,"retryReasons":[],"status":"passed","title":"should return false if names contain invalid characters"},{"ancestorTitles":["isValidated"],"duration":1,"failureDetails":[],"failureMessages":[],"fullName":"isValidated should return false for invalid email addresses","invocations":1,"location":null,"numPassingAsserts":3,"retryReasons":[],"status":"passed","title":"should return false for invalid email addresses"},{"ancestorTitles":["isValidated"],"duration":0,"failureDetails":[],"failureMessages":[],"fullName":"isValidated should return false for invalid phone numbers","invocations":1,"location":null,"numPassingAsserts":3,"retryReasons":[],"status":"passed","title":"should return false for invalid phone numbers"}],"endTime":1771696656359,"message":"","name":"/home/solstice/FoodBank/tests/unit/isValdated.test.ts","startTime":1771696656333,"status":"passed","summary":""},{"assertionResults":[{"ancestorTitles":["Sprint 1 · Queue Status Helpers","getStatusColor"],"duration":1,"failureDetails":[],"failureMessages":[],"fullName":"Sprint 1 · Queue Status Helpers getStatusColor returns orange-8 for pending","invocations":1,"location":null,"numPassingAsserts":1,"retryReasons":[],"status":"passed","title":"returns orange-8 for pending"},{"ancestorTitles":["Sprint 1 · Queue Status Helpers","getStatusColor"],"duration":0,"failureDetails":[],"failureMessages":[],"fullName":"Sprint 1 · Queue Status Helpers getStatusColor returns blue-7 for claimed","invocations":1,"location":null,"numPassingAsserts":1,"retryReasons":[],"status":"passed","title":"returns blue-7 for claimed"},{"ancestorTitles":["Sprint 1 · Queue Status Helpers","getStatusColor"],"duration":0,"failureDetails":[],"failureMessages":[],"fullName":"Sprint 1 · Queue Status Helpers getStatusColor returns green-9 for completed","invocations":1,"location":null,"numPassingAsserts":1,"retryReasons":[],"status":"passed","title":"returns green-9 for completed"},{"ancestorTitles":["Sprint 1 · Queue Status Helpers","getStatusColor"],"duration":1,"failureDetails":[],"failureMessages":[],"fullName":"Sprint 1 · Queue Status Helpers getStatusColor defaults to green-9 for unknown status","invocations":1,"location":null,"numPassingAsserts":1,"retryReasons":[],"status":"passed","title":"defaults to green-9 for unknown status"},{"ancestorTitles":["Sprint 1 · Queue Status Helpers","isClaimer"],"duration":0,"failureDetails":[],"failureMessages":[],"fullName":"Sprint 1 · Queue Status Helpers isClaimer returns true when user matches claimed_by","invocations":1,"location":null,"numPassingAsserts":1,"retryReasons":[],"status":"passed","title":"returns true when user matches claimed_by"},{"ancestorTitles":["Sprint 1 · Queue Status Helpers","isClaimer"],"duration":0,"failureDetails":[],"failureMessages":[],"fullName":"Sprint 1 · Queue Status Helpers isClaimer returns false for a different user","invocations":1,"location":null,"numPassingAsserts":1,"retryReasons":[],"status":"passed","title":"returns false for a different user"},{"ancestorTitles":["Sprint 1 · Queue Status Helpers","isClaimer"],"duration":0,"failureDetails":[],"failureMessages":[],"fullName":"Sprint 1 · Queue Status Helpers isClaimer returns false for pending tasks","invocations":1,"location":null,"numPassingAsserts":1,"retryReasons":[],"status":"passed","title":"returns false for pending tasks"},{"ancestorTitles":["Sprint 1 · Queue Status Helpers","canClaim"],"duration":0,"failureDetails":[],"failureMessages":[],"fullName":"Sprint 1 · Queue Status Helpers canClaim allows claiming pending tasks","invocations":1,"location":null,"numPassingAsserts":1,"retryReasons":[],"status":"passed","title":"allows claiming pending tasks"},{"ancestorTitles":["Sprint 1 · Queue Status Helpers","canClaim"],"duration":0,"failureDetails":[],"failureMessages":[],"fullName":"Sprint 1 · Queue Status Helpers canClaim blocks claiming already-claimed tasks","invocations":1,"location":null,"numPassingAsserts":1,"retryReasons":[],"status":"passed","title":"blocks claiming already-claimed tasks"},{"ancestorTitles":["Sprint 1 · Queue Status Helpers","canClaim"],"duration":1,"failureDetails":[],"failureMessages":[],"fullName":"Sprint 1 · Queue Status Helpers canClaim blocks claiming completed tasks","invocations":1,"location":null,"numPassingAsserts":1,"retryReasons":[],"status":"passed","title":"blocks claiming completed tasks"},{"ancestorTitles":["Sprint 1 · Queue Status Helpers","canComplete"],"duration":0,"failureDetails":[],"failureMessages":[],"fullName":"Sprint 1 · Queue Status Helpers canComplete allows claimer to complete their task","invocations":1,"location":null,"numPassingAsserts":1,"retryReasons":[],"status":"passed","title":"allows claimer to complete their task"},{"ancestorTitles":["Sprint 1 · Queue Status Helpers","canComplete"],"duration":0,"failureDetails":[],"failureMessages":[],"fullName":"Sprint 1 · Queue Status Helpers canComplete prevents non-claimer from completing","invocations":1,"location":null,"numPassingAsserts":1,"retryReasons":[],"status":"passed","title":"prevents non-claimer from completing"},{"ancestorTitles":["Sprint 1 · Queue Status Helpers","canComplete"],"duration":0,"failureDetails":[],"failureMessages":[],"fullName":"Sprint 1 · Queue Status Helpers canComplete prevents completing a pending task","invocations":1,"location":null,"numPassingAsserts":1,"retryReasons":[],"status":"passed","title":"prevents completing a pending task"}],"endTime":1771696656386,"message":"","name":"/home/solstice/FoodBank/tests/sprint1/queue-status.test.ts","startTime":1771696656368,"status":"passed","summary":""},{"assertionResults":[{"ancestorTitles":["(+) FAB · Entry Construction"],"duration":0,"failureDetails":[],"failureMessages":[],"fullName":"(+) FAB · Entry Construction builds a \"need\" entry with status active","invocations":1,"location":null,"numPassingAsserts":2,"retryReasons":[],"status":"passed","title":"builds a \"need\" entry with status active"},{"ancestorTitles":["(+) FAB · Entry Construction"],"duration":1,"failureDetails":[],"failureMessages":[],"fullName":"(+) FAB · Entry Construction builds an \"offering\" entry","invocations":1,"location":null,"numPassingAsserts":2,"retryReasons":[],"status":"passed","title":"builds an \"offering\" entry"},{"ancestorTitles":["(+) FAB · Entry Construction"],"duration":0,"failureDetails":[],"failureMessages":[],"fullName":"(+) FAB · Entry Construction builds a \"pickup_queue\" entry with location","invocations":1,"location":null,"numPassingAsserts":2,"retryReasons":[],"status":"passed","title":"builds a \"pickup_queue\" entry with location"},{"ancestorTitles":["(+) FAB · Entry Construction"],"duration":0,"failureDetails":[],"failureMessages":[],"fullName":"(+) FAB · Entry Construction trims whitespace from description","invocations":1,"location":null,"numPassingAsserts":1,"retryReasons":[],"status":"passed","title":"trims whitespace from description"},{"ancestorTitles":["(+) FAB · Entry Construction"],"duration":0,"failureDetails":[],"failureMessages":[],"fullName":"(+) FAB · Entry Construction sets location only for pickup_queue type","invocations":1,"location":null,"numPassingAsserts":2,"retryReasons":[],"status":"passed","title":"sets location only for pickup_queue type"},{"ancestorTitles":["(+) FAB · Entry Construction"],"duration":1,"failureDetails":[],"failureMessages":[],"fullName":"(+) FAB · Entry Construction sets createdAt as ISO string","invocations":1,"location":null,"numPassingAsserts":1,"retryReasons":[],"status":"passed","title":"sets createdAt as ISO string"},{"ancestorTitles":["(+) FAB · Entry Validation"],"duration":0,"failureDetails":[],"failureMessages":[],"fullName":"(+) FAB · Entry Validation rejects empty description","invocations":1,"location":null,"numPassingAsserts":2,"retryReasons":[],"status":"passed","title":"rejects empty description"},{"ancestorTitles":["(+) FAB · Entry Validation"],"duration":0,"failureDetails":[],"failureMessages":[],"fullName":"(+) FAB · Entry Validation accepts valid description","invocations":1,"location":null,"numPassingAsserts":1,"retryReasons":[],"status":"passed","title":"accepts valid description"},{"ancestorTitles":["(+) FAB · Entry Validation"],"duration":0,"failureDetails":[],"failureMessages":[],"fullName":"(+) FAB · Entry Validation rejects pickup_queue without location","invocations":1,"location":null,"numPassingAsserts":2,"retryReasons":[],"status":"passed","title":"rejects pickup_queue without location"},{"ancestorTitles":["(+) FAB · Entry Validation"],"duration":0,"failureDetails":[],"failureMessages":[],"fullName":"(+) FAB · Entry Validation accepts pickup_queue with location","invocations":1,"location":null,"numPassingAsserts":1,"retryReasons":[],"status":"passed","title":"accepts pickup_queue with location"},{"ancestorTitles":["(+) FAB · Entry Validation"],"duration":1,"failureDetails":[],"failureMessages":[],"fullName":"(+) FAB · Entry Validation does not require location for non-pickup types","invocations":1,"location":null,"numPassingAsserts":3,"retryReasons":[],"status":"passed","title":"does not require location for non-pickup types"},{"ancestorTitles":["(+) FAB · Type Labels"],"duration":0,"failureDetails":[],"failureMessages":[],"fullName":"(+) FAB · Type Labels maps each entry type to a human label","invocations":1,"location":null,"numPassingAsserts":5,"retryReasons":[],"status":"passed","title":"maps each entry type to a human label"},{"ancestorTitles":["(+) FAB · Type Labels"],"duration":0,"failureDetails":[],"failureMessages":[],"fullName":"(+) FAB · Type Labels has a label for every EntryType","invocations":1,"location":null,"numPassingAsserts":5,"retryReasons":[],"status":"passed","title":"has a label for every EntryType"},{"ancestorTitles":["(+) FAB · Contact Form Validation"],"duration":1,"failureDetails":[],"failureMessages":[],"fullName":"(+) FAB · Contact Form Validation accepts valid contact data","invocations":1,"location":null,"numPassingAsserts":1,"retryReasons":[],"status":"passed","title":"accepts valid contact data"},{"ancestorTitles":["(+) FAB · Contact Form Validation"],"duration":0,"failureDetails":[],"failureMessages":[],"fullName":"(+) FAB · Contact Form Validation rejects contact with short first name","invocations":1,"location":null,"numPassingAsserts":1,"retryReasons":[],"status":"passed","title":"rejects contact with short first name"},{"ancestorTitles":["(+) FAB · Contact Form Validation"],"duration":0,"failureDetails":[],"failureMessages":[],"fullName":"(+) FAB · Contact Form Validation rejects contact with missing email","invocations":1,"location":null,"numPassingAsserts":1,"retryReasons":[],"status":"passed","title":"rejects contact with missing email"}],"endTime":1771696656411,"message":"","name":"/home/solstice/FoodBank/tests/sprint1/entry-forms.test.ts","startTime":1771696656393,"status":"passed","summary":""},{"assertionResults":[{"ancestorTitles":["Sprint 1 · Realtime Queue Subscription"],"duration":1,"failureDetails":[],"failureMessages":[],"fullName":"Sprint 1 · Realtime Queue Subscription opens a channel named \"public:boulder_pickups\"","invocations":1,"location":null,"numPassingAsserts":1,"retryReasons":[],"status":"passed","title":"opens a channel named \"public:boulder_pickups\""},{"ancestorTitles":["Sprint 1 · Realtime Queue Subscription"],"duration":0,"failureDetails":[],"failureMessages":[],"fullName":"Sprint 1 · Realtime Queue Subscription listens to all postgres_changes on boulder_pickups","invocations":1,"location":null,"numPassingAsserts":1,"retryReasons":[],"status":"passed","title":"listens to all postgres_changes on boulder_pickups"},{"ancestorTitles":["Sprint 1 · Realtime Queue Subscription"],"duration":0,"failureDetails":[],"failureMessages":[],"fullName":"Sprint 1 · Realtime Queue Subscription calls subscribe() to activate the channel","invocations":1,"location":null,"numPassingAsserts":1,"retryReasons":[],"status":"passed","title":"calls subscribe() to activate the channel"},{"ancestorTitles":["Sprint 1 · Realtime Queue Subscription"],"duration":0,"failureDetails":[],"failureMessages":[],"fullName":"Sprint 1 · Realtime Queue Subscription fires callback when a realtime event arrives","invocations":1,"location":null,"numPassingAsserts":1,"retryReasons":[],"status":"passed","title":"fires callback when a realtime event arrives"},{"ancestorTitles":["Sprint 1 · Realtime Queue Subscription"],"duration":0,"failureDetails":[],"failureMessages":[],"fullName":"Sprint 1 · Realtime Queue Subscription fires callback for UPDATE events (claim/complete)","invocations":1,"location":null,"numPassingAsserts":1,"retryReasons":[],"status":"passed","title":"fires callback for UPDATE events (claim/complete)"}],"endTime":1771696656430,"message":"","name":"/home/solstice/FoodBank/tests/sprint1/realtime.test.ts","startTime":1771696656417,"status":"passed","summary":""},{"assertionResults":[{"ancestorTitles":["Testing UniqueId function"],"duration":1,"failureDetails":[],"failureMessages":[],"fullName":"Testing UniqueId function Increments the Id correctly","invocations":1,"location":null,"numPassingAsserts":1,"retryReasons":[],"status":"passed","title":"Increments the Id correctly"},{"ancestorTitles":["Testing UniqueId function"],"duration":0,"failureDetails":[],"failureMessages":[],"fullName":"Testing UniqueId function increments the ID correctly","invocations":1,"location":null,"numPassingAsserts":1,"retryReasons":[],"status":"passed","title":"increments the ID correctly"},{"ancestorTitles":["Testing UniqueId function"],"duration":0,"failureDetails":[],"failureMessages":[],"fullName":"Testing UniqueId function behaves correctly with non-numeric IDs","invocations":1,"location":null,"numPassingAsserts":1,"retryReasons":[],"status":"passed","title":"behaves correctly with non-numeric IDs"}],"endTime":1771696656452,"message":"","name":"/home/solstice/FoodBank/tests/unit/uniqueId.test.ts","startTime":1771696656435,"status":"passed","summary":""},{"assertionResults":[{"ancestorTitles":["Sprint 1 · Create Pickup Listing"],"duration":1,"failureDetails":[],"failureMessages":[],"fullName":"Sprint 1 · Create Pickup Listing creates a listing with status \"pending\"","invocations":1,"location":null,"numPassingAsserts":2,"retryReasons":[],"status":"passed","title":"creates a listing with status \"pending\""},{"ancestorTitles":["Sprint 1 · Create Pickup Listing"],"duration":1,"failureDetails":[],"failureMessages":[],"fullName":"Sprint 1 · Create Pickup Listing calls supabase.from(\"boulder_pickups\").insert()","invocations":1,"location":null,"numPassingAsserts":2,"retryReasons":[],"status":"passed","title":"calls supabase.from(\"boulder_pickups\").insert()"},{"ancestorTitles":["Sprint 1 · Create Pickup Listing"],"duration":0,"failureDetails":[],"failureMessages":[],"fullName":"Sprint 1 · Create Pickup Listing rejects unauthenticated users","invocations":1,"location":null,"numPassingAsserts":3,"retryReasons":[],"status":"passed","title":"rejects unauthenticated users"},{"ancestorTitles":["Sprint 1 · Create Pickup Listing"],"duration":0,"failureDetails":[],"failureMessages":[],"fullName":"Sprint 1 · Create Pickup Listing propagates Supabase insert errors","invocations":1,"location":null,"numPassingAsserts":2,"retryReasons":[],"status":"passed","title":"propagates Supabase insert errors"},{"ancestorTitles":["Sprint 1 · Create Pickup Listing"],"duration":4,"failureDetails":[],"failureMessages":[],"fullName":"Sprint 1 · Create Pickup Listing includes the authenticated user id as listed_by","invocations":1,"location":null,"numPassingAsserts":1,"retryReasons":[],"status":"passed","title":"includes the authenticated user id as listed_by"}],"endTime":1771696656491,"message":"","name":"/home/solstice/FoodBank/tests/sprint1/listing.test.ts","startTime":1771696656461,"status":"passed","summary":""}],"wasInterrupted":false}
